<?xml version="1.0" encoding="UTF-8"?>
<beans xmlns="http://www.springframework.org/schema/beans"
	xmlns:xsi="http://www.w3.org/2001/XMLSchema-instance"
	xmlns:context="http://www.springframework.org/schema/context"
	xsi:schemaLocation="http://www.springframework.org/schema/beans http://www.springframework.org/schema/beans/spring-beans-4.0.xsd
	http://www.springframework.org/schema/context http://www.springframework.org/schema/context/spring-context-4.0.xsd">	
	
	<!-- Root Context: defines shared resources visible to all other web components -->

    <import resource="classpath:datasource-tx-jpa.xml" />
	  	        
    <!--  be aware that adding edu.avans.hartigehap.web.controller to the scan will pick up the @PostConstruct  -->
    <context:component-scan base-package="edu.avans.hartigehap.service.impl, edu.avans.hartigehap.web.controller"/>    
    <!-- context:component-scan base-package="edu.avans.hartigehap.service.impl" /-->    
 		


     <!-- Configures view for returning JSON to the client -->
  <bean id="jsonView"
    class="org.springframework.web.servlet.view.json.MappingJackson2JsonView">
  </bean>
  <bean id="jsonMessageConverter"
    class="org.springframework.http.converter.json.MappingJackson2HttpMessageConverter" />

  <bean id="xmlView"
    class="org.springframework.web.servlet.view.xml.MarshallingView">
    <property name="marshaller" ref="castorMarshaller" />
  </bean>

  <bean id="marshallingHttpMessageConverter"
    class="org.springframework.http.converter.xml.MarshallingHttpMessageConverter">
    <property name="marshaller" ref="castorMarshaller" />
    <property name="unmarshaller" ref="castorMarshaller" />
  </bean>
  <bean id="castorMarshaller" class="org.springframework.oxm.castor.CastorMarshaller" />


</beans>
